
> nortear-design-system@0.0.0 build-storybook
> storybook build --output-dir=C:\Users\julia\AppData\Local\Temp\chromatic--26188-SufyVOpn7dKT


[90m┌[39m  Building storybook v10.3.5
[90m│[39m
[32m◇[39m  Cleaning outputDir:
[90m│[39m  [36m../../../AppData/Local/Temp/chromatic--26188-SufyVOpn7dKT[39m
[90m│[39m
[32m◇[39m  Loading presets
[90m│[39m
[32m◇[39m  Building manager..
[90m│[39m
[34m●[39m  Building preview..
[90m│[39m  [43mVite[49m [36mvite v6.4.2 [32mbuilding for production...[36m[39m
[90m│[39m  [43mVite[49m transforming...
[90m│[39m  [43mVite[49m [32m✓[39m 1842 modules transformed.
[90m│[39m  [43mVite[49m rendering chunks...
[90m│[39m  [43mVite[49m computing gzip size...
[90m│[39m  [43mVite[49m
[90m│[39m  [2m../../../AppData/Local/Temp/chromatic--26188-SufyVOpn7dKT/[22m[32miframe.html[39m[1m[2m[22m
[90m│[39m  [2m20.50 kB[22m[1m[22m[2m │ gzip:   5.92 kB[22m
[90m│[39m  [43mVite[49m
[90m│[39m  [2m../../../AppData/Local/Temp/chromatic--26188-SufyVOpn7dKT/[22m[35massets/iframe-DCMNSDta.css[39m
[90m│[39m  [35m[39m[1m[2m193.36 kB[22m[1m[22m[2m │ gzip:  21.74 kB[22m
[90m│[39m  [43mVite[49m
[90m│[39m  [2m../../../AppData/Local/Temp/chromatic--26188-SufyVOpn7dKT/[22m[36massets/formatter-EIJCOSYU-m5Nl1_QC.js[39m[1m[2m[22m
[90m│[39m  [2m0.21 kB[22m[1m[22m[2m │ gzip:   0.19 kB[22m
[90m│[39m  [43mVite[49m
[90m│[39m  [2m../../../AppData/Local/Temp/chromatic--26188-SufyVOpn7dKT/[22m[36massets/badge-ISSvNOyA.js[39m[1m[2m[22m
[90m│[39m  [2m0.29 kB[22m[1m[22m[2m │ gzip:   0.22 kB[22m
[90m│[39m  [43mVite[49m
[90m│[39m  [2m../../../AppData/Local/Temp/chromatic--26188-SufyVOpn7dKT/[22m[36massets/circle-alert-DnFmW2Dh.js[39m[1m[2m[22m
[90m│[39m  [2m0.32 kB[22m[1m[22m[2m │ gzip:   0.22 kB[22m
[90m│[39m  [43mVite[49m
[90m│[39m  [2m../../../AppData/Local/Temp/chromatic--26188-SufyVOpn7dKT/[22m[36massets/triangle-alert-Dpd55MbV.js[39m[1m[2m[22m
[90m│[39m  [2m0.85 kB[22m[1m[22m[2m │ gzip:   0.30 kB[22m
[90m│[39m  [43mVite[49m
[90m│[39m  [2m../../../AppData/Local/Temp/chromatic--26188-SufyVOpn7dKT/[22m[36massets/preload-helper-Dp1pzeXC.js[39m[1m[2m[22m
[90m│[39m  [2m1.27 kB[22m[1m[22m[2m │ gzip:   0.73 kB[22m
[90m│[39m  [43mVite[49m
[90m│[39m  [2m../../../AppData/Local/Temp/chromatic--26188-SufyVOpn7dKT/[22m[36massets/alert-DgQ1r2Ae.js[39m[1m[2m[22m
[90m│[39m  [2m1.37 kB[22m[1m[22m[2m │ gzip:   0.57 kB[22m
[90m│[39m  [43mVite[49m
[90m│[39m  [2m../../../AppData/Local/Temp/chromatic--26188-SufyVOpn7dKT/[22m[36massets/button-NPMU1O7C.js[39m[1m[2m[22m
[90m│[39m  [2m1.54 kB[22m[1m[22m[2m │ gzip:   0.75 kB[22m
[90m│[39m  [43mVite[49m
[90m│[39m  [2m../../../AppData/Local/Temp/chromatic--26188-SufyVOpn7dKT/[22m[36massets/x-_NuBIXCw.js[39m[1m[2m[22m
[90m│[39m  [2m1.95 kB[22m[1m[22m[2m │ gzip:   0.49 kB[22m
[90m│[39m  [43mVite[49m
[90m│[39m  [2m../../../AppData/Local/Temp/chromatic--26188-SufyVOpn7dKT/[22m[36massets/accordion-CikvdbHw.js[39m[1m[2m[22m
[90m│[39m  [2m3.37 kB[22m[1m[22m[2m │ gzip:   1.50 kB[22m
[90m│[39m  [43mVite[49m
[90m│[39m  [2m../../../AppData/Local/Temp/chromatic--26188-SufyVOpn7dKT/[22m[36massets/alert-variantes.stories-SO02ON2g.js[39m[1m[2m[22m
[90m│[39m  [2m3.54 kB[22m[1m[22m[2m │ gzip:   0.92 kB[22m
[90m│[39m  [43mVite[49m
[90m│[39m  [2m../../../AppData/Local/Temp/chromatic--26188-SufyVOpn7dKT/[22m[36massets/LanguageSwitcher-DH1P-Pwe.js[39m[1m[2m[22m
[90m│[39m  [2m3.64 kB[22m[1m[22m[2m │ gzip:   1.61 kB[22m
[90m│[39m  [43mVite[49m
[90m│[39m  [2m../../../AppData/Local/Temp/chromatic--26188-SufyVOpn7dKT/[22m[36massets/button-variantes.stories-BEwy2lJt.js[39m[1m[2m[22m
[90m│[39m  [2m3.74 kB[22m[1m[22m[2m │ gzip:   0.98 kB[22m
[90m│[39m  [43mVite[49m
[90m│[39m  [2m../../../AppData/Local/Temp/chromatic--26188-SufyVOpn7dKT/[22m[36massets/button-tamanhos.stories-c_JLzTcW.js[39m[1m[2m[22m
[90m│[39m  [2m4.08 kB[22m[1m[22m[2m │ gzip:   0.98 kB[22m
[90m│[39m  [43mVite[49m
[90m│[39m  [2m../../../AppData/Local/Temp/chromatic--26188-SufyVOpn7dKT/[22m[36massets/alert-composicoes.stories-BRAEf-Gx.js[39m[1m[2m[22m
[90m│[39m  [2m4.57 kB[22m[1m[22m[2m │ gzip:   1.22 kB[22m
[90m│[39m  [43mVite[49m
[90m│[39m  [2m../../../AppData/Local/Temp/chromatic--26188-SufyVOpn7dKT/[22m[36massets/button-estados.stories-DIYFaVVj.js[39m[1m[2m[22m
[90m│[39m  [2m6.01 kB[22m[1m[22m[2m │ gzip:   1.61 kB[22m
[90m│[39m  [43mVite[49m
[90m│[39m  [2m../../../AppData/Local/Temp/chromatic--26188-SufyVOpn7dKT/[22m[36massets/alert-estados.stories-BIS_8Ohe.js[39m[1m[2m[22m
[90m│[39m  [2m6.05 kB[22m[1m[22m[2m │ gzip:   1.36 kB[22m
[90m│[39m  [43mVite[49m
[90m│[39m  [2m../../../AppData/Local/Temp/chromatic--26188-SufyVOpn7dKT/[22m[36massets/accordion-estados.stories-BaqIU8BP.js[39m[1m[2m[22m
[90m│[39m  [2m6.56 kB[22m[1m[22m[2m │ gzip:   1.65 kB[22m
[90m│[39m  [43mVite[49m
[90m│[39m  [2m../../../AppData/Local/Temp/chromatic--26188-SufyVOpn7dKT/[22m[36massets/button-composicoes.stories-BtwCeGzr.js[39m[1m[2m[22m
[90m│[39m  [2m7.03 kB[22m[1m[22m[2m │ gzip:   1.86 kB[22m
[90m│[39m  [43mVite[49m
[90m│[39m  [2m../../../AppData/Local/Temp/chromatic--26188-SufyVOpn7dKT/[22m[36massets/accordion-modos.stories-D52PRZ-M.js[39m[1m[2m[22m
[90m│[39m  [2m7.89 kB[22m[1m[22m[2m │ gzip:   2.37 kB[22m
[90m│[39m  [43mVite[49m
[90m│[39m  [2m../../../AppData/Local/Temp/chromatic--26188-SufyVOpn7dKT/[22m[36massets/accordion-composicoes.stories-gCD4wA_d.js[39m[1m[2m[22m
[90m│[39m  [2m14.41 kB[22m[1m[22m[2m │ gzip:   3.70 kB[22m
[90m│[39m  [43mVite[49m
[90m│[39m  [2m../../../AppData/Local/Temp/chromatic--26188-SufyVOpn7dKT/[22m[36massets/utils-C8nBGPD0.js[39m[1m[2m[22m
[90m│[39m  [2m26.68 kB[22m[1m[22m[2m │ gzip:   8.42 kB[22m
[90m│[39m  [43mVite[49m
[90m│[39m  [2m../../../AppData/Local/Temp/chromatic--26188-SufyVOpn7dKT/[22m[36mvite-inject-mocker-entry.js[39m[1m[2m[22m
[90m│[39m  [2m28.53 kB[22m[1m[22m[2m │ gzip:   9.94 kB[22m
[90m│[39m  [43mVite[49m
[90m│[39m  [2m../../../AppData/Local/Temp/chromatic--26188-SufyVOpn7dKT/[22m[36massets/matchers-5TDFFDYO-BEZorklP.js[39m[1m[2m[22m
[90m│[39m  [2m29.38 kB[22m[1m[22m[2m │ gzip:  10.07 kB[22m
[90m│[39m  [43mVite[49m
[90m│[39m  [2m../../../AppData/Local/Temp/chromatic--26188-SufyVOpn7dKT/[22m[36massets/withAutoDocsTab-CE2lhtkb.js[39m[1m[2m[22m
[90m│[39m  [2m30.14 kB[22m[1m[22m[2m │ gzip:   6.77 kB[22m
[90m│[39m  [43mVite[49m
[90m│[39m  [2m../../../AppData/Local/Temp/chromatic--26188-SufyVOpn7dKT/[22m[36massets/Color-FRDS63T2-w5lxcJUk.js[39m[1m[2m[22m
[90m│[39m  [2m30.15 kB[22m[1m[22m[2m │ gzip:  11.39 kB[22m
[90m│[39m  [43mVite[49m
[90m│[39m  [2m../../../AppData/Local/Temp/chromatic--26188-SufyVOpn7dKT/[22m[36massets/WithTooltip-65CFNBJE-uOejwGbQ.js[39m[1m[2m[22m
[90m│[39m  [2m33.13 kB[22m[1m[22m[2m │ gzip:  11.64 kB[22m
[90m│[39m  [43mVite[49m
[90m│[39m  [2m../../../AppData/Local/Temp/chromatic--26188-SufyVOpn7dKT/[22m[36massets/alert.stories-DZ_WTCP2.js[39m[1m[2m[22m
[90m│[39m  [2m61.36 kB[22m[1m[22m[2m │ gzip:  15.17 kB[22m
[90m│[39m  [43mVite[49m
[90m│[39m  [2m../../../AppData/Local/Temp/chromatic--26188-SufyVOpn7dKT/[22m[36massets/accordion.stories-CdkK-3Tp.js[39m[1m[2m[22m
[90m│[39m  [2m68.68 kB[22m[1m[22m[2m │ gzip:  16.44 kB[22m
[90m│[39m  [43mVite[49m
[90m│[39m  [2m../../../AppData/Local/Temp/chromatic--26188-SufyVOpn7dKT/[22m[36massets/button.stories-C5TzjgIy.js[39m[1m[2m[22m
[90m│[39m  [2m69.72 kB[22m[1m[22m[2m │ gzip:  17.23 kB[22m
[90m│[39m  [43mVite[49m
[90m│[39m  [2m../../../AppData/Local/Temp/chromatic--26188-SufyVOpn7dKT/[22m[36massets/syntaxhighlighter-OH4MV7E3-DXPB7e_H.js[39m[1m[2m[22m
[90m│[39m  [2m78.11 kB[22m[1m[22m[2m │ gzip:  27.38 kB[22m
[90m│[39m  [43mVite[49m
[90m│[39m  [2m../../../AppData/Local/Temp/chromatic--26188-SufyVOpn7dKT/[22m[36massets/DocsRenderer-LL677BLK-giNkzBto.js[39m
[90m│[39m  [36m[39m[1m[2m182.77 kB[22m[1m[22m[2m │ gzip:  57.68 kB[22m
[90m│[39m  [43mVite[49m
[90m│[39m  [2m../../../AppData/Local/Temp/chromatic--26188-SufyVOpn7dKT/[22m[36massets/axe-BYBHuITg.js[39m
[90m│[39m  [36m[39m[1m[33m583.96 kB[39m[22m[2m │ gzip: 160.85 kB[22m
[90m│[39m  [43mVite[49m
[90m│[39m  [2m../../../AppData/Local/Temp/chromatic--26188-SufyVOpn7dKT/[22m[36massets/IconsDocs-DzldM_1d.js[39m
[90m│[39m  [36m[39m[1m[33m618.70 kB[39m[22m[2m │ gzip:  85.49 kB[22m
[90m│[39m  [43mVite[49m
[90m│[39m  [2m../../../AppData/Local/Temp/chromatic--26188-SufyVOpn7dKT/[22m[36massets/blocks-CVOIoNFq.js[39m
[90m│[39m  [36m[39m[1m[33m830.01 kB[39m[22m[2m │ gzip: 265.65 kB[22m
[90m│[39m  [43mVite[49m
[90m│[39m  [2m../../../AppData/Local/Temp/chromatic--26188-SufyVOpn7dKT/[22m[36massets/iframe-QnHN1vk7.js[39m
[90m│[39m  [36m[39m[1m[33m842.98 kB[39m[22m[2m │ gzip: 237.45 kB[22m
[90m│[39m
[33m▲[39m  [43mVite[49m[33m
[90m│[39m  (!) Some chunks are larger than 500 kB after minification. Consider:
[90m│[39m  - Using dynamic import() to code-split the application
[90m│[39m  - Use build.rollupOptions.output.manualChunks to improve chunking:
[90m│[39m  ]8;;https://rollupjs.org/configuration-options/#output-manualchunkshttps://rollupjs.org/configuration-options/#output-manualchunks]8;;
[90m│[39m  - Adjust chunk size limit for this warning via
[90m│[39m  build.chunkSizeWarningLimit.[39m
[90m│[39m  [43mVite[49m [32m✓ built in 7.25s[39m
[90m│[39m
[32m◇[39m  Output directory:
[90m│[39m  C:/Users/julia/AppData/Local/Temp/chromatic--26188-SufyVOpn7dKT
[90m│[39m
[90m└[39m  Storybook build completed successfully

