
> design-system-vue@0.0.0 build-storybook
> storybook build --output-dir=C:\Users\julia\AppData\Local\Temp\chromatic--20576-9fISsLsWBXEm --stats-json=C:\Users\julia\AppData\Local\Temp\chromatic--20576-9fISsLsWBXEm


[90m┌[39m  Building storybook v10.3.5
[90m│[39m
[32m◇[39m  Cleaning outputDir:
[90m│[39m  [36m../../../AppData/Local/Temp/chromatic--20576-9fISsLsWBXEm[39m
[90m│[39m
[32m◇[39m  Loading presets
[90m│[39m
[32m◇[39m  Building manager..
[90m│[39m
[34m●[39m  Building preview..
[90m│[39m  [43mVite[49m [36mvite v6.4.2 [32mbuilding for production...[36m[39m
[90m│[39m  [43mVite[49m transforming...
[90m│[39m
[33m▲[39m  [43mVite[49m [33m[plugin vite:esbuild] src/lib/withAutoDocsTab.tsx: [33mThe JSX import[39m
[90m│[39m  [33msource cannot be set without also enabling React's "automatic" JSX[39m
[90m│[39m  [33mtransform[33m
[90m│[39m  1  |  /** @jsxImportSource react */
[90m│[39m  |                       ^
[90m│[39m  2  |  import * as React from 'react';
[90m│[39m  3  |  import { useState, useEffect, useRef } from 'react';
[90m│[39m  [39m
[90m│[39m  [43mVite[49m [32m✓[39m 2515 modules transformed.
[90m│[39m  [43mVite[49m rendering chunks...
[90m│[39m  [43mVite[49m computing gzip size...
[90m│[39m  [43mVite[49m
[90m│[39m  [2m../../../AppData/Local/Temp/chromatic--20576-9fISsLsWBXEm/[22m[32miframe.html[39m[1m[2m[22m
[90m│[39m  [2m20.68 kB[22m[1m[22m[2m │ gzip:   6.01 kB[22m
[90m│[39m  [43mVite[49m
[90m│[39m  [2m../../../AppData/Local/Temp/chromatic--20576-9fISsLsWBXEm/[22m[35massets/iframe-CLOUvx07.css[39m[1m[2m[22m
[90m│[39m  [2m139.77 kB[22m[1m[22m[2m │ gzip:  21.91 kB[22m
[90m│[39m  [43mVite[49m
[90m│[39m  [2m../../../AppData/Local/Temp/chromatic--20576-9fISsLsWBXEm/[22m[36massets/formatter-EIJCOSYU-HN0aCu1_.js[39m[1m[2m[22m
[90m│[39m  [2m0.21 kB[22m[1m[22m[2m │ gzip:   0.18 kB[22m
[90m│[39m  [43mVite[49m
[90m│[39m  [2m../../../AppData/Local/Temp/chromatic--20576-9fISsLsWBXEm/[22m[36massets/loader-circle-Df864Enh.js[39m[1m[2m[22m
[90m│[39m  [2m0.33 kB[22m[1m[22m[2m │ gzip:   0.26 kB[22m
[90m│[39m  [43mVite[49m
[90m│[39m  [2m../../../AppData/Local/Temp/chromatic--20576-9fISsLsWBXEm/[22m[36massets/plus-NP47G1rB.js[39m[1m[2m[22m
[90m│[39m  [2m0.34 kB[22m[1m[22m[2m │ gzip:   0.26 kB[22m
[90m│[39m  [43mVite[49m
[90m│[39m  [2m../../../AppData/Local/Temp/chromatic--20576-9fISsLsWBXEm/[22m[36massets/circle-check-big-DFntunqO.js[39m[1m[2m[22m
[90m│[39m  [2m0.37 kB[22m[1m[22m[2m │ gzip:   0.29 kB[22m
[90m│[39m  [43mVite[49m
[90m│[39m  [2m../../../AppData/Local/Temp/chromatic--20576-9fISsLsWBXEm/[22m[36massets/info-RWtB7QwM.js[39m[1m[2m[22m
[90m│[39m  [2m0.38 kB[22m[1m[22m[2m │ gzip:   0.29 kB[22m
[90m│[39m  [43mVite[49m
[90m│[39m  [2m../../../AppData/Local/Temp/chromatic--20576-9fISsLsWBXEm/[22m[36massets/triangle-alert-Bo5NDB0P.js[39m[1m[2m[22m
[90m│[39m  [2m0.45 kB[22m[1m[22m[2m │ gzip:   0.32 kB[22m
[90m│[39m  [43mVite[49m
[90m│[39m  [2m../../../AppData/Local/Temp/chromatic--20576-9fISsLsWBXEm/[22m[36massets/circle-check-BO9r4u2W.js[39m[1m[2m[22m
[90m│[39m  [2m0.73 kB[22m[1m[22m[2m │ gzip:   0.34 kB[22m
[90m│[39m  [43mVite[49m
[90m│[39m  [2m../../../AppData/Local/Temp/chromatic--20576-9fISsLsWBXEm/[22m[36massets/index-CZtRLH7z.js[39m[1m[2m[22m
[90m│[39m  [2m0.80 kB[22m[1m[22m[2m │ gzip:   0.44 kB[22m
[90m│[39m  [43mVite[49m
[90m│[39m  [2m../../../AppData/Local/Temp/chromatic--20576-9fISsLsWBXEm/[22m[36massets/Primitive-BsxyXkZN.js[39m[1m[2m[22m
[90m│[39m  [2m0.83 kB[22m[1m[22m[2m │ gzip:   0.49 kB[22m
[90m│[39m  [43mVite[49m
[90m│[39m  [2m../../../AppData/Local/Temp/chromatic--20576-9fISsLsWBXEm/[22m[36massets/index-vZC_0Uoc.js[39m[1m[2m[22m
[90m│[39m  [2m1.03 kB[22m[1m[22m[2m │ gzip:   0.55 kB[22m
[90m│[39m  [43mVite[49m
[90m│[39m  [2m../../../AppData/Local/Temp/chromatic--20576-9fISsLsWBXEm/[22m[36massets/trash-2-Bq-oTT5Y.js[39m[1m[2m[22m
[90m│[39m  [2m1.15 kB[22m[1m[22m[2m │ gzip:   0.47 kB[22m
[90m│[39m  [43mVite[49m
[90m│[39m  [2m../../../AppData/Local/Temp/chromatic--20576-9fISsLsWBXEm/[22m[36massets/preload-helper-Dp1pzeXC.js[39m[1m[2m[22m
[90m│[39m  [2m1.27 kB[22m[1m[22m[2m │ gzip:   0.73 kB[22m
[90m│[39m  [43mVite[49m
[90m│[39m  [2m../../../AppData/Local/Temp/chromatic--20576-9fISsLsWBXEm/[22m[36massets/createLucideIcon-M_97lAg1.js[39m[1m[2m[22m
[90m│[39m  [2m1.67 kB[22m[1m[22m[2m │ gzip:   0.71 kB[22m
[90m│[39m  [43mVite[49m
[90m│[39m  [2m../../../AppData/Local/Temp/chromatic--20576-9fISsLsWBXEm/[22m[36massets/index-C8_qVi9U.js[39m[1m[2m[22m
[90m│[39m  [2m1.77 kB[22m[1m[22m[2m │ gzip:   0.88 kB[22m
[90m│[39m  [43mVite[49m
[90m│[39m  [2m../../../AppData/Local/Temp/chromatic--20576-9fISsLsWBXEm/[22m[36massets/index-KKZJPx1q.js[39m[1m[2m[22m
[90m│[39m  [2m1.91 kB[22m[1m[22m[2m │ gzip:   1.07 kB[22m
[90m│[39m  [43mVite[49m
[90m│[39m  [2m../../../AppData/Local/Temp/chromatic--20576-9fISsLsWBXEm/[22m[36massets/index-DFQbm8h3.js[39m[1m[2m[22m
[90m│[39m  [2m2.48 kB[22m[1m[22m[2m │ gzip:   1.12 kB[22m
[90m│[39m  [43mVite[49m
[90m│[39m  [2m../../../AppData/Local/Temp/chromatic--20576-9fISsLsWBXEm/[22m[36massets/index-DMMzDEQw.js[39m[1m[2m[22m
[90m│[39m  [2m2.54 kB[22m[1m[22m[2m │ gzip:   0.87 kB[22m
[90m│[39m  [43mVite[49m
[90m│[39m  [2m../../../AppData/Local/Temp/chromatic--20576-9fISsLsWBXEm/[22m[36massets/use-seo-B2m7dAgv.js[39m[1m[2m[22m
[90m│[39m  [2m3.68 kB[22m[1m[22m[2m │ gzip:   1.76 kB[22m
[90m│[39m  [43mVite[49m
[90m│[39m  [2m../../../AppData/Local/Temp/chromatic--20576-9fISsLsWBXEm/[22m[36massets/button-variantes.stories-DKNgJlAn.js[39m[1m[2m[22m
[90m│[39m  [2m4.55 kB[22m[1m[22m[2m │ gzip:   1.06 kB[22m
[90m│[39m  [43mVite[49m
[90m│[39m  [2m../../../AppData/Local/Temp/chromatic--20576-9fISsLsWBXEm/[22m[36massets/alert-variantes.stories-UuoZPY0N.js[39m[1m[2m[22m
[90m│[39m  [2m4.69 kB[22m[1m[22m[2m │ gzip:   1.08 kB[22m
[90m│[39m  [43mVite[49m
[90m│[39m  [2m../../../AppData/Local/Temp/chromatic--20576-9fISsLsWBXEm/[22m[36massets/button-tamanhos.stories-B2V85Gj4.js[39m[1m[2m[22m
[90m│[39m  [2m4.90 kB[22m[1m[22m[2m │ gzip:   1.11 kB[22m
[90m│[39m  [43mVite[49m
[90m│[39m  [2m../../../AppData/Local/Temp/chromatic--20576-9fISsLsWBXEm/[22m[36massets/button-estados.stories-2-V6WUd1.js[39m[1m[2m[22m
[90m│[39m  [2m6.19 kB[22m[1m[22m[2m │ gzip:   1.64 kB[22m
[90m│[39m  [43mVite[49m
[90m│[39m  [2m../../../AppData/Local/Temp/chromatic--20576-9fISsLsWBXEm/[22m[36massets/alert-composicoes.stories-CI2Mw1bG.js[39m[1m[2m[22m
[90m│[39m  [2m6.37 kB[22m[1m[22m[2m │ gzip:   1.36 kB[22m
[90m│[39m  [43mVite[49m
[90m│[39m  [2m../../../AppData/Local/Temp/chromatic--20576-9fISsLsWBXEm/[22m[36massets/alert-estados.stories-ChCP6ioF.js[39m[1m[2m[22m
[90m│[39m  [2m7.03 kB[22m[1m[22m[2m │ gzip:   1.43 kB[22m
[90m│[39m  [43mVite[49m
[90m│[39m  [2m../../../AppData/Local/Temp/chromatic--20576-9fISsLsWBXEm/[22m[36massets/button-composicoes.stories-a-jJpSjz.js[39m[1m[2m[22m
[90m│[39m  [2m8.59 kB[22m[1m[22m[2m │ gzip:   2.09 kB[22m
[90m│[39m  [43mVite[49m
[90m│[39m  [2m../../../AppData/Local/Temp/chromatic--20576-9fISsLsWBXEm/[22m[36massets/accordion-estados.stories-DxB4fStI.js[39m[1m[2m[22m
[90m│[39m  [2m9.65 kB[22m[1m[22m[2m │ gzip:   1.75 kB[22m
[90m│[39m  [43mVite[49m
[90m│[39m  [2m../../../AppData/Local/Temp/chromatic--20576-9fISsLsWBXEm/[22m[36massets/accordion-modos.stories-CnQtte36.js[39m[1m[2m[22m
[90m│[39m  [2m10.87 kB[22m[1m[22m[2m │ gzip:   1.92 kB[22m
[90m│[39m  [43mVite[49m
[90m│[39m  [2m../../../AppData/Local/Temp/chromatic--20576-9fISsLsWBXEm/[22m[36massets/accordion-composicoes.stories-D6DXAHr7.js[39m[1m[2m[22m
[90m│[39m  [2m15.89 kB[22m[1m[22m[2m │ gzip:   3.14 kB[22m
[90m│[39m  [43mVite[49m
[90m│[39m  [2m../../../AppData/Local/Temp/chromatic--20576-9fISsLsWBXEm/[22m[36massets/AccordionTrigger-CRDFiCmD.js[39m[1m[2m[22m
[90m│[39m  [2m21.90 kB[22m[1m[22m[2m │ gzip:   7.34 kB[22m
[90m│[39m  [43mVite[49m
[90m│[39m  [2m../../../AppData/Local/Temp/chromatic--20576-9fISsLsWBXEm/[22m[36massets/utils-DDt1maD9.js[39m[1m[2m[22m
[90m│[39m  [2m26.69 kB[22m[1m[22m[2m │ gzip:   8.42 kB[22m
[90m│[39m  [43mVite[49m
[90m│[39m  [2m../../../AppData/Local/Temp/chromatic--20576-9fISsLsWBXEm/[22m[36mvite-inject-mocker-entry.js[39m[1m[2m[22m
[90m│[39m  [2m28.53 kB[22m[1m[22m[2m │ gzip:   9.94 kB[22m
[90m│[39m  [43mVite[49m
[90m│[39m  [2m../../../AppData/Local/Temp/chromatic--20576-9fISsLsWBXEm/[22m[36massets/matchers-5TDFFDYO-BEZorklP.js[39m[1m[2m[22m
[90m│[39m  [2m29.38 kB[22m[1m[22m[2m │ gzip:  10.07 kB[22m
[90m│[39m  [43mVite[49m
[90m│[39m  [2m../../../AppData/Local/Temp/chromatic--20576-9fISsLsWBXEm/[22m[36massets/Color-FRDS63T2-DLXXNhpT.js[39m[1m[2m[22m
[90m│[39m  [2m30.15 kB[22m[1m[22m[2m │ gzip:  11.39 kB[22m
[90m│[39m  [43mVite[49m
[90m│[39m  [2m../../../AppData/Local/Temp/chromatic--20576-9fISsLsWBXEm/[22m[36massets/WithTooltip-65CFNBJE-B_kJC-BH.js[39m[1m[2m[22m
[90m│[39m  [2m33.13 kB[22m[1m[22m[2m │ gzip:  11.64 kB[22m
[90m│[39m  [43mVite[49m
[90m│[39m  [2m../../../AppData/Local/Temp/chromatic--20576-9fISsLsWBXEm/[22m[36massets/withAutoDocsTab-KAE7mNDn.js[39m[1m[2m[22m
[90m│[39m  [2m49.62 kB[22m[1m[22m[2m │ gzip:   9.10 kB[22m
[90m│[39m  [43mVite[49m
[90m│[39m  [2m../../../AppData/Local/Temp/chromatic--20576-9fISsLsWBXEm/[22m[36massets/alert.stories-uw-cFMFi.js[39m[1m[2m[22m
[90m│[39m  [2m65.88 kB[22m[1m[22m[2m │ gzip:  15.77 kB[22m
[90m│[39m  [43mVite[49m
[90m│[39m  [2m../../../AppData/Local/Temp/chromatic--20576-9fISsLsWBXEm/[22m[36massets/button.stories-BvdTTY0T.js[39m[1m[2m[22m
[90m│[39m  [2m72.59 kB[22m[1m[22m[2m │ gzip:  17.56 kB[22m
[90m│[39m  [43mVite[49m
[90m│[39m  [2m../../../AppData/Local/Temp/chromatic--20576-9fISsLsWBXEm/[22m[36massets/accordion.stories-Ca1hkG36.js[39m[1m[2m[22m
[90m│[39m  [2m75.87 kB[22m[1m[22m[2m │ gzip:  17.39 kB[22m
[90m│[39m  [43mVite[49m
[90m│[39m  [2m../../../AppData/Local/Temp/chromatic--20576-9fISsLsWBXEm/[22m[36massets/syntaxhighlighter-OH4MV7E3-03e1Kapi.js[39m[1m[2m[22m
[90m│[39m  [2m78.11 kB[22m[1m[22m[2m │ gzip:  27.38 kB[22m
[90m│[39m  [43mVite[49m
[90m│[39m  [2m../../../AppData/Local/Temp/chromatic--20576-9fISsLsWBXEm/[22m[36massets/DocsRenderer-LL677BLK-rcKSwHdP.js[39m[1m[2m[22m
[90m│[39m  [2m182.77 kB[22m[1m[22m[2m │ gzip:  57.68 kB[22m
[90m│[39m  [43mVite[49m
[90m│[39m  [2m../../../AppData/Local/Temp/chromatic--20576-9fISsLsWBXEm/[22m[36massets/axe-22_I1lv0.js[39m[1m[33m[39m
[90m│[39m  [33m582.56 kB[39m[22m[2m │ gzip: 160.58 kB[22m
[90m│[39m  [43mVite[49m
[90m│[39m  [2m../../../AppData/Local/Temp/chromatic--20576-9fISsLsWBXEm/[22m[36massets/blocks-DjaBzU47.js[39m[1m[33m[39m
[90m│[39m  [33m828.56 kB[39m[22m[2m │ gzip: 265.24 kB[22m
[90m│[39m  [43mVite[49m
[90m│[39m  [2m../../../AppData/Local/Temp/chromatic--20576-9fISsLsWBXEm/[22m[36massets/IconsDocs-enPYv_Gx.js[39m[1m[33m[39m
[90m│[39m  [33m834.54 kB[39m[22m[2m │ gzip: 147.89 kB[22m
[90m│[39m  [43mVite[49m
[90m│[39m  [2m../../../AppData/Local/Temp/chromatic--20576-9fISsLsWBXEm/[22m[36massets/iframe-BggFhFdp.js[39m
[90m│[39m  [36m[39m[1m[33m1,047.73 kB[39m[22m[2m │ gzip: 312.84 kB[22m
[90m│[39m
[33m▲[39m  [43mVite[49m[33m
[90m│[39m  (!) Some chunks are larger than 500 kB after minification. Consider:
[90m│[39m  - Using dynamic import() to code-split the application
[90m│[39m  - Use build.rollupOptions.output.manualChunks to improve chunking:
[90m│[39m  ]8;;https://rollupjs.org/configuration-options/#output-manualchunkshttps://rollupjs.org/configuration-options/#output-manualchunks]8;;
[90m│[39m  - Adjust chunk size limit for this warning via
[90m│[39m  build.chunkSizeWarningLimit.[39m
[90m│[39m  [43mVite[49m [32m✓ built in 10.41s[39m
[90m│[39m
[34m●[39m  Preview stats written to
[90m│[39m  [36mC:\Users\julia\AppData\Local\Temp\chromatic--20576-9fISsLsWBXEm\preview-stats.json[39m
[90m│[39m
[32m◇[39m  Output directory:
[90m│[39m  C:/Users/julia/AppData/Local/Temp/chromatic--20576-9fISsLsWBXEm
[90m│[39m
[90m└[39m  Storybook build completed successfully

