
> design-system-svelte@0.0.0 build-storybook
> storybook build --output-dir=C:\Users\julia\AppData\Local\Temp\chromatic--45108-WJha8czNO33f


[90m┌[39m  Building storybook v10.3.5
[90m│[39m
[32m◇[39m  Cleaning outputDir:
[90m│[39m  [36m../../../AppData/Local/Temp/chromatic--45108-WJha8czNO33f[39m
[90m│[39m
[32m◇[39m  Loading presets
[90m│[39m
[32m◇[39m  Building manager..
[90m│[39m
[34m●[39m  Building preview..
[90m│[39m  [43mVite[49m [36mvite v6.4.2 [32mbuilding for production...[36m[39m
[90m│[39m  [43mVite[49m transforming...
[90m│[39m  [43mVite[49m [32m✓[39m 6220 modules transformed.
[90m│[39m  [43mVite[49m rendering chunks...
[90m│[39m  [43mVite[49m computing gzip size...
[90m│[39m  [43mVite[49m
[90m│[39m  [2m../../../AppData/Local/Temp/chromatic--45108-WJha8czNO33f/[22m[32miframe.html[39m[1m[2m[22m
[90m│[39m  [2m20.48 kB[22m[1m[22m[2m │ gzip:   5.91 kB[22m
[90m│[39m  [43mVite[49m
[90m│[39m  [2m../../../AppData/Local/Temp/chromatic--45108-WJha8czNO33f/[22m[35massets/iframe-CCwrRcP4.css[39m
[90m│[39m  [35m[39m[1m[2m144.49 kB[22m[1m[22m[2m │ gzip:  22.30 kB[22m
[90m│[39m  [43mVite[49m
[90m│[39m  [2m../../../AppData/Local/Temp/chromatic--45108-WJha8czNO33f/[22m[36massets/formatter-EIJCOSYU-DNHRknRf.js[39m[1m[2m[22m
[90m│[39m  [2m0.21 kB[22m[1m[22m[2m │ gzip:   0.18 kB[22m
[90m│[39m  [43mVite[49m
[90m│[39m  [2m../../../AppData/Local/Temp/chromatic--45108-WJha8czNO33f/[22m[36massets/preload-helper-Dp1pzeXC.js[39m[1m[2m[22m
[90m│[39m  [2m1.27 kB[22m[1m[22m[2m │ gzip:   0.73 kB[22m
[90m│[39m  [43mVite[49m
[90m│[39m  [2m../../../AppData/Local/Temp/chromatic--45108-WJha8czNO33f/[22m[36massets/badge-Dk76Xujk.js[39m[1m[2m[22m
[90m│[39m  [2m1.76 kB[22m[1m[22m[2m │ gzip:   0.87 kB[22m
[90m│[39m  [43mVite[49m
[90m│[39m  [2m../../../AppData/Local/Temp/chromatic--45108-WJha8czNO33f/[22m[36massets/alert-title-thnJdopd.js[39m[1m[2m[22m
[90m│[39m  [2m2.10 kB[22m[1m[22m[2m │ gzip:   0.85 kB[22m
[90m│[39m  [43mVite[49m
[90m│[39m  [2m../../../AppData/Local/Temp/chromatic--45108-WJha8czNO33f/[22m[36massets/Icon-DHKUdme0.js[39m[1m[2m[22m
[90m│[39m  [2m2.42 kB[22m[1m[22m[2m │ gzip:   1.44 kB[22m
[90m│[39m  [43mVite[49m
[90m│[39m  [2m../../../AppData/Local/Temp/chromatic--45108-WJha8czNO33f/[22m[36massets/triangle-alert-DE_eF4Jx.js[39m[1m[2m[22m
[90m│[39m  [2m2.80 kB[22m[1m[22m[2m │ gzip:   1.01 kB[22m
[90m│[39m  [43mVite[49m
[90m│[39m  [2m../../../AppData/Local/Temp/chromatic--45108-WJha8czNO33f/[22m[36massets/alert-composicoes.stories-CYRv3IX5.js[39m[1m[2m[22m
[90m│[39m  [2m3.02 kB[22m[1m[22m[2m │ gzip:   0.98 kB[22m
[90m│[39m  [43mVite[49m
[90m│[39m  [2m../../../AppData/Local/Temp/chromatic--45108-WJha8czNO33f/[22m[36massets/AccordionStory-6BoAS45a.js[39m[1m[2m[22m
[90m│[39m  [2m3.19 kB[22m[1m[22m[2m │ gzip:   1.17 kB[22m
[90m│[39m  [43mVite[49m
[90m│[39m  [2m../../../AppData/Local/Temp/chromatic--45108-WJha8czNO33f/[22m[36massets/alert-variantes.stories-CNpoyE7j.js[39m[1m[2m[22m
[90m│[39m  [2m3.34 kB[22m[1m[22m[2m │ gzip:   1.00 kB[22m
[90m│[39m  [43mVite[49m
[90m│[39m  [2m../../../AppData/Local/Temp/chromatic--45108-WJha8czNO33f/[22m[36massets/button-Cy5zZNqg.js[39m[1m[2m[22m
[90m│[39m  [2m3.50 kB[22m[1m[22m[2m │ gzip:   1.29 kB[22m
[90m│[39m  [43mVite[49m
[90m│[39m  [2m../../../AppData/Local/Temp/chromatic--45108-WJha8czNO33f/[22m[36massets/button-tamanhos.stories-DTHtlToN.js[39m[1m[2m[22m
[90m│[39m  [2m4.29 kB[22m[1m[22m[2m │ gzip:   1.02 kB[22m
[90m│[39m  [43mVite[49m
[90m│[39m  [2m../../../AppData/Local/Temp/chromatic--45108-WJha8czNO33f/[22m[36massets/use-seo-B_HgNbdd.js[39m[1m[2m[22m
[90m│[39m  [2m4.46 kB[22m[1m[22m[2m │ gzip:   2.10 kB[22m
[90m│[39m  [43mVite[49m
[90m│[39m  [2m../../../AppData/Local/Temp/chromatic--45108-WJha8czNO33f/[22m[36massets/button-variantes.stories-Bh6butYm.js[39m[1m[2m[22m
[90m│[39m  [2m4.49 kB[22m[1m[22m[2m │ gzip:   1.11 kB[22m
[90m│[39m  [43mVite[49m
[90m│[39m  [2m../../../AppData/Local/Temp/chromatic--45108-WJha8czNO33f/[22m[36massets/accordion-modos.stories-B8XTmAul.js[39m[1m[2m[22m
[90m│[39m  [2m5.32 kB[22m[1m[22m[2m │ gzip:   1.93 kB[22m
[90m│[39m  [43mVite[49m
[90m│[39m  [2m../../../AppData/Local/Temp/chromatic--45108-WJha8czNO33f/[22m[36massets/AlertStory-FoH0WLPz.js[39m[1m[2m[22m
[90m│[39m  [2m5.34 kB[22m[1m[22m[2m │ gzip:   1.79 kB[22m
[90m│[39m  [43mVite[49m
[90m│[39m  [2m../../../AppData/Local/Temp/chromatic--45108-WJha8czNO33f/[22m[36massets/alert-estados.stories-BnwsUYj2.js[39m[1m[2m[22m
[90m│[39m  [2m5.67 kB[22m[1m[22m[2m │ gzip:   1.30 kB[22m
[90m│[39m  [43mVite[49m
[90m│[39m  [2m../../../AppData/Local/Temp/chromatic--45108-WJha8czNO33f/[22m[36massets/button-estados.stories-BC-Ss662.js[39m[1m[2m[22m
[90m│[39m  [2m6.02 kB[22m[1m[22m[2m │ gzip:   1.57 kB[22m
[90m│[39m  [43mVite[49m
[90m│[39m  [2m../../../AppData/Local/Temp/chromatic--45108-WJha8czNO33f/[22m[36massets/legacy-D6pBOyAj.js[39m[1m[2m[22m
[90m│[39m  [2m6.46 kB[22m[1m[22m[2m │ gzip:   2.67 kB[22m
[90m│[39m  [43mVite[49m
[90m│[39m  [2m../../../AppData/Local/Temp/chromatic--45108-WJha8czNO33f/[22m[36massets/accordion-estados.stories-1J32oR-j.js[39m[1m[2m[22m
[90m│[39m  [2m6.49 kB[22m[1m[22m[2m │ gzip:   1.64 kB[22m
[90m│[39m  [43mVite[49m
[90m│[39m  [2m../../../AppData/Local/Temp/chromatic--45108-WJha8czNO33f/[22m[36massets/button-composicoes.stories-CQsNFYHw.js[39m[1m[2m[22m
[90m│[39m  [2m6.99 kB[22m[1m[22m[2m │ gzip:   2.07 kB[22m
[90m│[39m  [43mVite[49m
[90m│[39m  [2m../../../AppData/Local/Temp/chromatic--45108-WJha8czNO33f/[22m[36massets/accordion-composicoes.stories-DOHPCVrX.js[39m[1m[2m[22m
[90m│[39m  [2m11.41 kB[22m[1m[22m[2m │ gzip:   4.09 kB[22m
[90m│[39m  [43mVite[49m
[90m│[39m  [2m../../../AppData/Local/Temp/chromatic--45108-WJha8czNO33f/[22m[36massets/ButtonStory-DczqhRzi.js[39m[1m[2m[22m
[90m│[39m  [2m14.26 kB[22m[1m[22m[2m │ gzip:   2.56 kB[22m
[90m│[39m  [43mVite[49m
[90m│[39m  [2m../../../AppData/Local/Temp/chromatic--45108-WJha8czNO33f/[22m[36mvite-inject-mocker-entry.js[39m[1m[2m[22m
[90m│[39m  [2m28.53 kB[22m[1m[22m[2m │ gzip:   9.94 kB[22m
[90m│[39m  [43mVite[49m
[90m│[39m  [2m../../../AppData/Local/Temp/chromatic--45108-WJha8czNO33f/[22m[36massets/matchers-5TDFFDYO-BEZorklP.js[39m[1m[2m[22m
[90m│[39m  [2m29.38 kB[22m[1m[22m[2m │ gzip:  10.07 kB[22m
[90m│[39m  [43mVite[49m
[90m│[39m  [2m../../../AppData/Local/Temp/chromatic--45108-WJha8czNO33f/[22m[36massets/Color-FRDS63T2-Dxz7Pl5-.js[39m[1m[2m[22m
[90m│[39m  [2m30.15 kB[22m[1m[22m[2m │ gzip:  11.39 kB[22m
[90m│[39m  [43mVite[49m
[90m│[39m  [2m../../../AppData/Local/Temp/chromatic--45108-WJha8czNO33f/[22m[36massets/WithTooltip-65CFNBJE-CP6R7NhF.js[39m[1m[2m[22m
[90m│[39m  [2m33.13 kB[22m[1m[22m[2m │ gzip:  11.64 kB[22m
[90m│[39m  [43mVite[49m
[90m│[39m  [2m../../../AppData/Local/Temp/chromatic--45108-WJha8czNO33f/[22m[36massets/utils-CA18LVQw.js[39m[1m[2m[22m
[90m│[39m  [2m37.83 kB[22m[1m[22m[2m │ gzip:  13.15 kB[22m
[90m│[39m  [43mVite[49m
[90m│[39m  [2m../../../AppData/Local/Temp/chromatic--45108-WJha8czNO33f/[22m[36massets/withAutoDocsTab-Dizf37M_.js[39m[1m[2m[22m
[90m│[39m  [2m50.37 kB[22m[1m[22m[2m │ gzip:  10.12 kB[22m
[90m│[39m  [43mVite[49m
[90m│[39m  [2m../../../AppData/Local/Temp/chromatic--45108-WJha8czNO33f/[22m[36massets/alert.stories-CQLvO0Zw.js[39m[1m[2m[22m
[90m│[39m  [2m68.43 kB[22m[1m[22m[2m │ gzip:  16.09 kB[22m
[90m│[39m  [43mVite[49m
[90m│[39m  [2m../../../AppData/Local/Temp/chromatic--45108-WJha8czNO33f/[22m[36massets/button.stories-DNHPq9LI.js[39m[1m[2m[22m
[90m│[39m  [2m75.31 kB[22m[1m[22m[2m │ gzip:  18.01 kB[22m
[90m│[39m  [43mVite[49m
[90m│[39m  [2m../../../AppData/Local/Temp/chromatic--45108-WJha8czNO33f/[22m[36massets/accordion.stories-wJdb7MAU.js[39m[1m[2m[22m
[90m│[39m  [2m76.56 kB[22m[1m[22m[2m │ gzip:  17.26 kB[22m
[90m│[39m  [43mVite[49m
[90m│[39m  [2m../../../AppData/Local/Temp/chromatic--45108-WJha8czNO33f/[22m[36massets/syntaxhighlighter-OH4MV7E3-R0Wp3RUx.js[39m[1m[2m[22m
[90m│[39m  [2m78.11 kB[22m[1m[22m[2m │ gzip:  27.38 kB[22m
[90m│[39m  [43mVite[49m
[90m│[39m  [2m../../../AppData/Local/Temp/chromatic--45108-WJha8czNO33f/[22m[36massets/accordion-trigger-Dq6IKcQf.js[39m
[90m│[39m  [36m[39m[1m[2m135.62 kB[22m[1m[22m[2m │ gzip:  19.23 kB[22m
[90m│[39m  [43mVite[49m
[90m│[39m  [2m../../../AppData/Local/Temp/chromatic--45108-WJha8czNO33f/[22m[36massets/DocsRenderer-LL677BLK-DxewI7E6.js[39m
[90m│[39m  [36m[39m[1m[2m182.77 kB[22m[1m[22m[2m │ gzip:  57.68 kB[22m
[90m│[39m  [43mVite[49m
[90m│[39m  [2m../../../AppData/Local/Temp/chromatic--45108-WJha8czNO33f/[22m[36massets/axe-CitVJp8U.js[39m
[90m│[39m  [36m[39m[1m[33m583.96 kB[39m[22m[2m │ gzip: 160.85 kB[22m
[90m│[39m  [43mVite[49m
[90m│[39m  [2m../../../AppData/Local/Temp/chromatic--45108-WJha8czNO33f/[22m[36massets/IconsDocs-B1hovxKK.js[39m
[90m│[39m  [36m[39m[1m[33m666.87 kB[39m[22m[2m │ gzip:  92.46 kB[22m
[90m│[39m  [43mVite[49m
[90m│[39m  [2m../../../AppData/Local/Temp/chromatic--45108-WJha8czNO33f/[22m[36massets/blocks-DYmgu41D.js[39m
[90m│[39m  [36m[39m[1m[33m830.05 kB[39m[22m[2m │ gzip: 265.69 kB[22m
[90m│[39m  [43mVite[49m
[90m│[39m  [2m../../../AppData/Local/Temp/chromatic--45108-WJha8czNO33f/[22m[36massets/iframe-OqKTCDrX.js[39m
[90m│[39m  [36m[39m[1m[33m896.43 kB[39m[22m[2m │ gzip: 256.95 kB[22m
[90m│[39m
[33m▲[39m  [43mVite[49m[33m
[90m│[39m  (!) Some chunks are larger than 500 kB after minification. Consider:
[90m│[39m  - Using dynamic import() to code-split the application
[90m│[39m  - Use build.rollupOptions.output.manualChunks to improve chunking:
[90m│[39m  ]8;;https://rollupjs.org/configuration-options/#output-manualchunkshttps://rollupjs.org/configuration-options/#output-manualchunks]8;;
[90m│[39m  - Adjust chunk size limit for this warning via
[90m│[39m  build.chunkSizeWarningLimit.[39m
[90m│[39m  [43mVite[49m [32m✓ built in 1m 2s[39m
[90m│[39m
[32m◇[39m  Output directory:
[90m│[39m  C:/Users/julia/AppData/Local/Temp/chromatic--45108-WJha8czNO33f
[90m│[39m
[90m└[39m  Storybook build completed successfully

